--------------------------------------------------------------------------------
Release 14.7 Trace  (lin64)
Copyright (c) 1995-2013 Xilinx, Inc.  All rights reserved.

/opt/Xilinx/14.7/ISE_DS/ISE/bin/lin64/unwrapped/trce -intstyle ise -v 3 -s 4 -n
3 -fastpaths -xml ModuleALU.twx ModuleALU.ncd -o ModuleALU.twr ModuleALU.pcf
-ucf PINAGEM.ucf

Design file:              ModuleALU.ncd
Physical constraint file: ModuleALU.pcf
Device,package,speed:     xc3s700an,fgg484,-4 (PRODUCTION 1.42 2013-10-13)
Report level:             verbose report

Environment Variable      Effect 
--------------------      ------ 
NONE                      No environment variables were set
--------------------------------------------------------------------------------

INFO:Timing:2698 - No timing constraints found, doing default enumeration.
INFO:Timing:3412 - To improve timing, see the Timing Closure User Guide (UG612).
INFO:Timing:2752 - To get complete path coverage, use the unconstrained paths 
   option. All paths that are not constrained will be reported in the 
   unconstrained paths section(s) of the report.
INFO:Timing:3339 - The clock-to-out numbers in this timing report are based on 
   a 50 Ohm transmission line loading model.  For the details of this model, 
   and for more information on accounting for different loading conditions, 
   please see the device datasheet.
INFO:Timing:3390 - This architecture does not support a default System Jitter 
   value, please add SYSTEM_JITTER constraint to the UCF to modify the Clock 
   Uncertainty calculation.
INFO:Timing:3389 - This architecture does not support 'Discrete Jitter' and 
   'Phase Error' calculations, these terms will be zero in the Clock 
   Uncertainty calculation.  Please make appropriate modification to 
   SYSTEM_JITTER to account for the unsupported Discrete Jitter and Phase 
   Error.



Data Sheet report:
-----------------
All values displayed in nanoseconds (ns)

Setup/Hold to clock S<2>
------------+------------+------------+------------------+--------+
            |Max Setup to|Max Hold to |                  | Clock  |
Source      | clk (edge) | clk (edge) |Internal Clock(s) | Phase  |
------------+------------+------------+------------------+--------+
A<0>        |    6.414(R)|   -3.899(R)|S_2_IBUF          |   0.000|
A<1>        |    5.632(R)|   -3.274(R)|S_2_IBUF          |   0.000|
A<2>        |    6.191(R)|   -3.716(R)|S_2_IBUF          |   0.000|
A<3>        |    7.988(R)|   -5.153(R)|S_2_IBUF          |   0.000|
B<0>        |    5.546(R)|   -3.097(R)|S_2_IBUF          |   0.000|
B<1>        |    4.746(R)|   -2.457(R)|S_2_IBUF          |   0.000|
B<2>        |    4.839(R)|   -2.527(R)|S_2_IBUF          |   0.000|
B<3>        |    5.070(R)|   -2.711(R)|S_2_IBUF          |   0.000|
S<0>        |    5.253(R)|   -2.349(R)|S_2_IBUF          |   0.000|
S<1>        |    5.309(R)|   -2.309(R)|S_2_IBUF          |   0.000|
------------+------------+------------+------------------+--------+

Clock S<2> to Pad
------------+------------+------------------+--------+
            | clk (edge) |                  | Clock  |
Destination |   to PAD   |Internal Clock(s) | Phase  |
------------+------------+------------------+--------+
Z<0>        |    7.076(R)|S_2_IBUF          |   0.000|
Z<1>        |    7.076(R)|S_2_IBUF          |   0.000|
Z<2>        |    7.090(R)|S_2_IBUF          |   0.000|
Z<3>        |    7.090(R)|S_2_IBUF          |   0.000|
------------+------------+------------------+--------+

Clock to Setup on destination clock S<2>
---------------+---------+---------+---------+---------+
               | Src:Rise| Src:Fall| Src:Rise| Src:Fall|
Source Clock   |Dest:Rise|Dest:Rise|Dest:Fall|Dest:Fall|
---------------+---------+---------+---------+---------+
S<2>           |    5.534|    5.534|         |         |
---------------+---------+---------+---------+---------+


Analysis completed Sat Apr 29 01:09:11 2023 
--------------------------------------------------------------------------------

Trace Settings:
-------------------------
Trace Settings 

Peak Memory Usage: 378 MB



